<?xml version="1.0" encoding="UTF-8"?>
<testsuite name="GameLogicTest" tests="4" skipped="0" failures="0" errors="0" timestamp="2020-02-12T09:24:14" hostname="dovydas" time="0.002">
  <properties/>
  <testcase name="guessCount" classname="GameLogicTest" time="0.001"/>
  <testcase name="isGuessBiggerThanGenerated" classname="GameLogicTest" time="0.0"/>
  <testcase name="checkIfGuessed" classname="GameLogicTest" time="0.0"/>
  <testcase name="generateNumber" classname="GameLogicTest" time="0.001"/>
  <system-out><![CDATA[]]></system-out>
  <system-err><![CDATA[]]></system-err>
</testsuite>
